Application bundle generation failed. [2.299 seconds] - 2026-03-03T01:05:51.193Z

[1m[33m[33m▲ [43;33m[[43;30mWARNING[43;33m][0m [1mNG8102: The left side of this nullish coalescing operation does not include 'null' or 'undefined' in its type, therefore the '??' operator can be safely removed.[0m [1m[35m[plugin angular-compiler][0m

    src/app/components/client-dashboard/client-dashboard.component.html:95:73:
[37m      95 │ ...ld text-slate-900">{{ [32mcandidatureCounts[project.id] ?? 0[37m }}</span>
         ╵                          [32m~~~~~~~~~~~~~~~~~~~~~~~~~~~~~~~~~~[0m

  Warning occurs in the template of component ClientDashboardComponent.

    src/app/components/client-dashboard/client-dashboard.component.ts:19:15:
[37m      19 │   templateUrl: [32m'./client-dashboard.component.html'[37m,
         ╵                [32m~~~~~~~~~~~~~~~~~~~~~~~~~~~~~~~~~~~[0m


[33m▲ [43;33m[[43;30mWARNING[43;33m][0m [1mNG8102: The left side of this nullish coalescing operation does not include 'null' or 'undefined' in its type, therefore the '??' operator can be safely removed.[0m [1m[35m[plugin angular-compiler][0m

    src/app/components/client-dashboard/client-dashboard.component.html:98:20:
[37m      98 │               @if (([32mpendingCounts[project.id] ?? 0[37m) > 0) {
         ╵                     [32m~~~~~~~~~~~~~~~~~~~~~~~~~~~~~~[0m

  Warning occurs in the template of component ClientDashboardComponent.

    src/app/components/client-dashboard/client-dashboard.component.ts:19:15:
[37m      19 │   templateUrl: [32m'./client-dashboard.component.html'[37m,
         ╵                [32m~~~~~~~~~~~~~~~~~~~~~~~~~~~~~~~~~~~[0m

[39m[22m
[1m[31m[31mX [41;31m[[41;97mERROR[41;31m][0m [1mTS2339: Property 'Math' does not exist on type 'AdminUsersComponent'.[0m [1m[35m[plugin angular-compiler][0m

    src/app/components/admin-users/admin-users.component.html:160:53:
[37m      160 │ ...<span class="font-medium">{{ [32mMath[37m.min((currentPage + 1) * page...
          ╵                                 [32m~~~~[0m

  Error occurs in the template of component AdminUsersComponent.

    src/app/components/admin-users/admin-users.component.ts:12:17:
[37m      12 │     templateUrl: [32m'./admin-users.component.html'[37m
         ╵                  [32m~~~~~~~~~~~~~~~~~~~~~~~~~~~~~~[0m


[31mX [41;31m[[41;97mERROR[41;31m][0m [1mTS2339: Property 'Math' does not exist on type 'AdminUsersComponent'.[0m [1m[35m[plugin angular-compiler][0m

    src/app/components/admin-users/admin-users.component.html:185:81:
[37m      185 │ ...tPage()" [disabled]="currentPage === [32mMath[37m.max(0, totalPages - 1)"
          ╵                                         [32m~~~~[0m

  Error occurs in the template of component AdminUsersComponent.

    src/app/components/admin-users/admin-users.component.ts:12:17:
[37m      12 │     templateUrl: [32m'./admin-users.component.html'[37m
         ╵                  [32m~~~~~~~~~~~~~~~~~~~~~~~~~~~~~~[0m

[39m[22m
