Application bundle generation failed. [2.178 seconds] - 2026-03-03T01:03:46.981Z

[1m[33m[33m▲ [43;33m[[43;30mWARNING[43;33m][0m [1mNG8102: The left side of this nullish coalescing operation does not include 'null' or 'undefined' in its type, therefore the '??' operator can be safely removed.[0m [1m[35m[plugin angular-compiler][0m

    src/app/components/client-dashboard/client-dashboard.component.html:95:73:
[37m      95 │ ...ld text-slate-900">{{ [32mcandidatureCounts[project.id] ?? 0[37m }}</span>
         ╵                          [32m~~~~~~~~~~~~~~~~~~~~~~~~~~~~~~~~~~[0m

  Warning occurs in the template of component ClientDashboardComponent.

    src/app/components/client-dashboard/client-dashboard.component.ts:19:15:
[37m      19 │   templateUrl: [32m'./client-dashboard.component.html'[37m,
         ╵                [32m~~~~~~~~~~~~~~~~~~~~~~~~~~~~~~~~~~~[0m


[33m▲ [43;33m[[43;30mWARNING[43;33m][0m [1mNG8102: The left side of this nullish coalescing operation does not include 'null' or 'undefined' in its type, therefore the '??' operator can be safely removed.[0m [1m[35m[plugin angular-compiler][0m

    src/app/components/client-dashboard/client-dashboard.component.html:98:20:
[37m      98 │               @if (([32mpendingCounts[project.id] ?? 0[37m) > 0) {
         ╵                     [32m~~~~~~~~~~~~~~~~~~~~~~~~~~~~~~[0m

  Warning occurs in the template of component ClientDashboardComponent.

    src/app/components/client-dashboard/client-dashboard.component.ts:19:15:
[37m      19 │   templateUrl: [32m'./client-dashboard.component.html'[37m,
         ╵                [32m~~~~~~~~~~~~~~~~~~~~~~~~~~~~~~~~~~~[0m

[39m[22m
[1m[31m[31mX [41;31m[[41;97mERROR[41;31m][0m [1mTS2307: Cannot find module '../../../services/user.service' or its corresponding type declarations.[0m [1m[35m[plugin angular-compiler][0m

    src/app/components/admin-users/admin-users.component.ts:4:28:
[37m      4 │ import { UserService } from [32m'../../../services/user.service'[37m;
        ╵                             [32m~~~~~~~~~~~~~~~~~~~~~~~~~~~~~~~~[0m


[31mX [41;31m[[41;97mERROR[41;31m][0m [1mTS2307: Cannot find module '../../../services/toast.service' or its corresponding type declarations.[0m [1m[35m[plugin angular-compiler][0m

    src/app/components/admin-users/admin-users.component.ts:5:29:
[37m      5 │ import { ToastService } from [32m'../../../services/toast.service'[37m;
        ╵                              [32m~~~~~~~~~~~~~~~~~~~~~~~~~~~~~~~~~[0m


[31mX [41;31m[[41;97mERROR[41;31m][0m [1mTS2307: Cannot find module '../../../models/user.model' or its corresponding type declarations.[0m [1m[35m[plugin angular-compiler][0m

    src/app/components/admin-users/admin-users.component.ts:6:60:
[37m      6 │ ...terRequest, PageResponse, Role } from [32m'../../../models/user.model'[37m;
        ╵                                          [32m~~~~~~~~~~~~~~~~~~~~~~~~~~~~[0m


[31mX [41;31m[[41;97mERROR[41;31m][0m [1mNG2003: No suitable injection token for parameter 'userService' of class 'AdminUsersComponent'.
  Consider using the @Inject decorator to specify an injection token.[0m [1m[35m[plugin angular-compiler][0m

    src/app/components/admin-users/admin-users.component.ts:35:16:
[37m      35 │         private [32muserService[37m: UserService,
         ╵                 [32m~~~~~~~~~~~[0m

  This type does not have a value, so it cannot be used as injection token.

    src/app/components/admin-users/admin-users.component.ts:35:29:
[37m      35 │         private userService: [32mUserService[37m,
         ╵                              [32m~~~~~~~~~~~[0m


[31mX [41;31m[[41;97mERROR[41;31m][0m [1mTS7006: Parameter 'err' implicitly has an 'any' type.[0m [1m[35m[plugin angular-compiler][0m

    src/app/components/admin-users/admin-users.component.ts:68:20:
[37m      68 │             error: ([32merr[37m) => {
         ╵                     [32m~~~[0m


[31mX [41;31m[[41;97mERROR[41;31m][0m [1mTS7006: Parameter 'err' implicitly has an 'any' type.[0m [1m[35m[plugin angular-compiler][0m

    src/app/components/admin-users/admin-users.component.ts:103:24:
[37m      103 │                 error: ([32merr[37m) => {
          ╵                         [32m~~~[0m


[31mX [41;31m[[41;97mERROR[41;31m][0m [1mCould not resolve "../../../models/user.model"[0m

    src/app/components/admin-users/admin-users.component.ts:6:60:
[37m      6 │ ...terRequest, PageResponse, Role } from [32m'../../../models/user.model'[37m;
        ╵                                          [32m~~~~~~~~~~~~~~~~~~~~~~~~~~~~[0m

[39m[22m
